<?xml version="1.0" encoding="UTF-8"?>
<testng-results ignored="0" total="1" passed="0" failed="1" skipped="0">
  <reporter-output>
  </reporter-output>
  <suite started-at="2021-05-13T20:17:37 IST" name="Regression Test Suite" finished-at="2021-05-13T20:18:10 IST" duration-ms="32655">
    <groups>
    </groups>
    <test started-at="2021-05-13T20:17:37 IST" name="Regression Test" finished-at="2021-05-13T20:18:10 IST" duration-ms="32655">
      <class name="in.co.MercuryTravels.testcases.MercuryTestCases">
        <test-method is-config="true" signature="preSetup()[pri:0, instance:in.co.MercuryTravels.testcases.MercuryTestCases@294425a7]" started-at="2021-05-13T20:17:37 IST" name="preSetup" finished-at="2021-05-13T20:17:37 IST" duration-ms="107" status="PASS">
          <reporter-output>
          </reporter-output>
        </test-method> <!-- preSetup -->
        <test-method is-config="true" signature="invokeBrowser()[pri:0, instance:in.co.MercuryTravels.testcases.MercuryTestCases@294425a7]" started-at="2021-05-13T20:17:37 IST" name="invokeBrowser" finished-at="2021-05-13T20:17:50 IST" duration-ms="12453" status="PASS">
          <reporter-output>
          </reporter-output>
        </test-method> <!-- invokeBrowser -->
        <test-method signature="verifyUserLoginWithCorrectCredentials()[pri:0, instance:in.co.MercuryTravels.testcases.MercuryTestCases@294425a7]" started-at="2021-05-13T20:17:50 IST" name="verifyUserLoginWithCorrectCredentials" finished-at="2021-05-13T20:18:07 IST" duration-ms="16930" status="FAIL">
          <exception class="java.lang.AssertionError">
            <message>
              <![CDATA[expected [Welcome, Shraddha1] but found [Welcome, Shraddha]]]>
            </message>
            <full-stacktrace>
              <![CDATA[java.lang.AssertionError: expected [Welcome, Shraddha1] but found [Welcome, Shraddha]
at org.testng.Assert.fail(Assert.java:99)
at org.testng.Assert.failNotEquals(Assert.java:1037)
at org.testng.Assert.assertEqualsImpl(Assert.java:140)
at org.testng.Assert.assertEquals(Assert.java:122)
at org.testng.Assert.assertEquals(Assert.java:629)
at org.testng.Assert.assertEquals(Assert.java:639)
at in.co.MercuryTravels.testcases.MercuryTestCases.verifyUserLoginWithCorrectCredentials(MercuryTestCases.java:21)
at java.base/jdk.internal.reflect.NativeMethodAccessorImpl.invoke0(Native Method)
at java.base/jdk.internal.reflect.NativeMethodAccessorImpl.invoke(NativeMethodAccessorImpl.java:64)
at java.base/jdk.internal.reflect.DelegatingMethodAccessorImpl.invoke(DelegatingMethodAccessorImpl.java:43)
at java.base/java.lang.reflect.Method.invoke(Method.java:564)
at org.testng.internal.MethodInvocationHelper.invokeMethod(MethodInvocationHelper.java:133)
at org.testng.internal.TestInvoker.invokeMethod(TestInvoker.java:598)
at org.testng.internal.TestInvoker.invokeTestMethod(TestInvoker.java:173)
at org.testng.internal.MethodRunner.runInSequence(MethodRunner.java:46)
at org.testng.internal.TestInvoker$MethodInvocationAgent.invoke(TestInvoker.java:824)
at org.testng.internal.TestInvoker.invokeTestMethods(TestInvoker.java:146)
at org.testng.internal.TestMethodWorker.invokeTestMethods(TestMethodWorker.java:146)
at org.testng.internal.TestMethodWorker.run(TestMethodWorker.java:128)
at java.base/java.util.ArrayList.forEach(ArrayList.java:1511)
at org.testng.TestRunner.privateRun(TestRunner.java:794)
at org.testng.TestRunner.run(TestRunner.java:596)
at org.testng.SuiteRunner.runTest(SuiteRunner.java:377)
at org.testng.SuiteRunner.runSequentially(SuiteRunner.java:371)
at org.testng.SuiteRunner.privateRun(SuiteRunner.java:332)
at org.testng.SuiteRunner.run(SuiteRunner.java:276)
at org.testng.SuiteRunnerWorker.runSuite(SuiteRunnerWorker.java:53)
at org.testng.SuiteRunnerWorker.run(SuiteRunnerWorker.java:96)
at org.testng.TestNG.runSuitesSequentially(TestNG.java:1212)
at org.testng.TestNG.runSuitesLocally(TestNG.java:1134)
at org.testng.TestNG.runSuites(TestNG.java:1063)
at org.testng.TestNG.run(TestNG.java:1031)
at org.testng.remote.AbstractRemoteTestNG.run(AbstractRemoteTestNG.java:115)
at org.testng.remote.RemoteTestNG.initAndRun(RemoteTestNG.java:251)
at org.testng.remote.RemoteTestNG.main(RemoteTestNG.java:77)
]]>
            </full-stacktrace>
          </exception> <!-- java.lang.AssertionError -->
          <reporter-output>
          </reporter-output>
        </test-method> <!-- verifyUserLoginWithCorrectCredentials -->
        <test-method is-config="true" signature="afterMethod(org.testng.ITestResult)[pri:0, instance:in.co.MercuryTravels.testcases.MercuryTestCases@294425a7]" started-at="2021-05-13T20:18:07 IST" name="afterMethod" finished-at="2021-05-13T20:18:09 IST" duration-ms="2569" status="PASS">
          <params>
            <param index="0">
              <value>
                <![CDATA[[TestResult name=verifyUserLoginWithCorrectCredentials status=FAILURE method=MercuryTestCases.verifyUserLoginWithCorrectCredentials()[pri:0, instance:in.co.MercuryTravels.testcases.MercuryTestCases@294425a7] output={null}]]]>
              </value>
            </param>
          </params>
          <reporter-output>
          </reporter-output>
        </test-method> <!-- afterMethod -->
        <test-method is-config="true" signature="closeBrowser()[pri:0, instance:in.co.MercuryTravels.testcases.MercuryTestCases@294425a7]" started-at="2021-05-13T20:18:09 IST" name="closeBrowser" finished-at="2021-05-13T20:18:10 IST" duration-ms="674" status="PASS">
          <reporter-output>
          </reporter-output>
        </test-method> <!-- closeBrowser -->
        <test-method is-config="true" signature="afterCleanUp()[pri:0, instance:in.co.MercuryTravels.testcases.MercuryTestCases@294425a7]" started-at="2021-05-13T20:18:10 IST" name="afterCleanUp" finished-at="2021-05-13T20:18:10 IST" duration-ms="203" status="PASS">
          <reporter-output>
          </reporter-output>
        </test-method> <!-- afterCleanUp -->
      </class> <!-- in.co.MercuryTravels.testcases.MercuryTestCases -->
    </test> <!-- Regression Test -->
  </suite> <!-- Regression Test Suite -->
</testng-results>
